<?xml version="1.0" encoding="UTF-8"?>
<!-- Generated by org.testng.reporters.JUnitXMLReporter -->
<testsuite hostname="Saroja" ignored="0" name="Command line test" tests="1" failures="1" timestamp="2020-09-21T11:59:05 PDT" time="0.065" errors="0">
  <testcase name="@AfterTest tearDown" time="0.009" classname="com.paypal.qa.testcases.GoogleSerchPageTest">
    <failure type="java.lang.NullPointerException">
      <![CDATA[java.lang.NullPointerException
at com.paypal.qa.testcases.GoogleSerchPageTest.tearDown(GoogleSerchPageTest.java:43)
... Removed 33 stack frames]]>
    </failure>
  </testcase> <!-- @AfterTest tearDown -->
  <testcase name="googleSearchTest" time="0.0" classname="com.paypal.qa.testcases.GoogleSerchPageTest">
    <failure type="org.testng.TestNGException" message="
Parameter &amp;apos;stockComparisionValue&amp;apos; is required by @Test on method googleSearchTest but has not been marked @Optional or defined
">
      <![CDATA[org.testng.TestNGException: 
Parameter 'stockComparisionValue' is required by @Test on method googleSearchTest but has not been marked @Optional or defined

at java.util.ArrayList.forEach(Unknown Source)
... Removed 35 stack frames]]>
    </failure>
  </testcase> <!-- googleSearchTest -->
</testsuite> <!-- Command line test -->
